# JRE version: OpenJDK Runtime Environment (15.0.2+7) (build 15.0.2+7-27)
# Java VM: OpenJDK 64-Bit Server VM (15.0.2+7-27, mixed mode, tiered, compressed oops, g1 gc, windows-amd64)
GC Precious Log:
 CPUs: 4 total, 4 available
 Memory: 7885M
 Large Page Support: Disabled
 NUMA Support: Disabled
 Compressed Oops: Enabled (32-bit)
 Heap Region Size: 1M
 Heap Min Capacity: 8M
 Heap Initial Capacity: 124M
 Heap Max Capacity: 1972M
 Pre-touch: Disabled
 Parallel Workers: 4
 Concurrent Workers: 1
 Concurrent Refinement Workers: 4
 Periodic GC: Disabled
Heap:
 garbage-first heap   total 48128K, used 26317K [0x0000000084c00000, 0x0000000100000000)
  region size 1024K, 10 young (10240K), 2 survivors (2048K)
 Metaspace       used 33898K, capacity 34181K, committed 34480K, reserved 1079296K
  class space    used 3683K, capacity 3770K, committed 3840K, reserved 1048576K
GC Heap History (10 events):
Event: 1.228 GC heap before
{Heap before GC invocations=0 (full 0):
 garbage-first heap   total 126976K, used 14336K [0x0000000084c00000, 0x0000000100000000)
  region size 1024K, 13 young (13312K), 0 survivors (0K)
 Metaspace       used 7488K, capacity 7542K, committed 7680K, reserved 1056768K
  class space    used 624K, capacity 660K, committed 768K, reserved 1048576K
}
Event: 1.251 GC heap after
{Heap after GC invocations=1 (full 0):
 garbage-first heap   total 126976K, used 6180K [0x0000000084c00000, 0x0000000100000000)
  region size 1024K, 2 young (2048K), 2 survivors (2048K)
 Metaspace       used 7488K, capacity 7542K, committed 7680K, reserved 1056768K
  class space    used 624K, capacity 660K, committed 768K, reserved 1048576K
}
Event: 2.420 GC heap before
{Heap before GC invocations=1 (full 0):
 garbage-first heap   total 126976K, used 19492K [0x0000000084c00000, 0x0000000100000000)
  region size 1024K, 16 young (16384K), 2 survivors (2048K)
 Metaspace       used 14967K, capacity 15141K, committed 15360K, reserved 1062912K
  class space    used 1428K, capacity 1483K, committed 1536K, reserved 1048576K
}
Event: 2.423 GC heap after
{Heap after GC invocations=2 (full 0):
 garbage-first heap   total 126976K, used 8162K [0x0000000084c00000, 0x0000000100000000)
  region size 1024K, 2 young (2048K), 2 survivors (2048K)
 Metaspace       used 14967K, capacity 15141K, committed 15360K, reserved 1062912K
  class space    used 1428K, capacity 1483K, committed 1536K, reserved 1048576K
}
Event: 3.199 GC heap before
{Heap before GC invocations=2 (full 0):
 garbage-first heap   total 126976K, used 39906K [0x0000000084c00000, 0x0000000100000000)
  region size 1024K, 34 young (34816K), 2 survivors (2048K)
 Metaspace       used 20920K, capacity 21143K, committed 21296K, reserved 1069056K
  class space    used 2002K, capacity 2072K, committed 2176K, reserved 1048576K
}
Event: 3.206 GC heap after
{Heap after GC invocations=3 (full 0):
 garbage-first heap   total 126976K, used 12442K [0x0000000084c00000, 0x0000000100000000)
  region size 1024K, 7 young (7168K), 7 survivors (7168K)
 Metaspace       used 20920K, capacity 21143K, committed 21296K, reserved 1069056K
  class space    used 2002K, capacity 2072K, committed 2176K, reserved 1048576K
}
Event: 3.794 GC heap before
{Heap before GC invocations=4 (full 0):
 garbage-first heap   total 48128K, used 32922K [0x0000000084c00000, 0x0000000100000000)
  region size 1024K, 28 young (28672K), 7 survivors (7168K)
 Metaspace       used 27578K, capacity 27862K, committed 28080K, reserved 1075200K
  class space    used 2854K, capacity 2946K, committed 3072K, reserved 1048576K
}
Event: 3.801 GC heap after
{Heap after GC invocations=5 (full 0):
 garbage-first heap   total 48128K, used 13171K [0x0000000084c00000, 0x0000000100000000)
  region size 1024K, 2 young (2048K), 2 survivors (2048K)
 Metaspace       used 27578K, capacity 27862K, committed 28080K, reserved 1075200K
  class space    used 2854K, capacity 2946K, committed 3072K, reserved 1048576K
}
Event: 6.850 GC heap before
{Heap before GC invocations=5 (full 0):
 garbage-first heap   total 48128K, used 37747K [0x0000000084c00000, 0x0000000100000000)
  region size 1024K, 21 young (21504K), 2 survivors (2048K)
 Metaspace       used 32522K, capacity 32807K, committed 33072K, reserved 1079296K
  class space    used 3529K, capacity 3634K, committed 3712K, reserved 1048576K
}
Event: 6.853 GC heap after
{Heap after GC invocations=6 (full 0):
 garbage-first heap   total 48128K, used 19149K [0x0000000084c00000, 0x0000000100000000)
  region size 1024K, 2 young (2048K), 2 survivors (2048K)
 Metaspace       used 32522K, capacity 32807K, committed 33072K, reserved 1079296K
  class space    used 3529K, capacity 3634K, committed 3712K, reserved 1048576K
}

